# JRE version: OpenJDK Runtime Environment (11.0.13) (build 11.0.13+0-b1751.21-8125866)
# Java VM: OpenJDK 64-Bit Server VM (11.0.13+0-b1751.21-8125866, mixed mode, tiered, compressed oops, g1 gc, windows-amd64)
Heap:
 garbage-first heap   total 235520K, used 134487K [0x0000000080000000, 0x0000000100000000)
  region size 1024K, 2 young (2048K), 2 survivors (2048K)
 Metaspace       used 84232K, capacity 86566K, committed 86864K, reserved 1124352K
  class space    used 10602K, capacity 11392K, committed 11468K, reserved 1048576K
GC Heap History (20 events):
Event: 39.080 GC heap after
{Heap after GC invocations=34 (full 0):
 garbage-first heap   total 157696K, used 131269K [0x0000000080000000, 0x0000000100000000)
  region size 1024K, 1 young (1024K), 1 survivors (1024K)
 Metaspace       used 77178K, capacity 79354K, committed 79568K, reserved 1118208K
  class space    used 9798K, capacity 10552K, committed 10572K, reserved 1048576K
}
Event: 39.335 GC heap before
{Heap before GC invocations=34 (full 0):
 garbage-first heap   total 157696K, used 137413K [0x0000000080000000, 0x0000000100000000)
  region size 1024K, 7 young (7168K), 1 survivors (1024K)
 Metaspace       used 77502K, capacity 79616K, committed 79824K, reserved 1118208K
  class space    used 9824K, capacity 10554K, committed 10572K, reserved 1048576K
}
Event: 39.340 GC heap after
{Heap after GC invocations=35 (full 0):
 garbage-first heap   total 157696K, used 131650K [0x0000000080000000, 0x0000000100000000)
  region size 1024K, 1 young (1024K), 1 survivors (1024K)
 Metaspace       used 77502K, capacity 79616K, committed 79824K, reserved 1118208K
  class space    used 9824K, capacity 10554K, committed 10572K, reserved 1048576K
}
Event: 39.586 GC heap before
{Heap before GC invocations=36 (full 0):
 garbage-first heap   total 157696K, used 136770K [0x0000000080000000, 0x0000000100000000)
  region size 1024K, 7 young (7168K), 1 survivors (1024K)
 Metaspace       used 77620K, capacity 79756K, committed 79824K, reserved 1118208K
  class space    used 9836K, capacity 10557K, committed 10572K, reserved 1048576K
}
Event: 39.591 GC heap after
{Heap after GC invocations=37 (full 0):
 garbage-first heap   total 157696K, used 132137K [0x0000000080000000, 0x0000000100000000)
  region size 1024K, 1 young (1024K), 1 survivors (1024K)
 Metaspace       used 77620K, capacity 79756K, committed 79824K, reserved 1118208K
  class space    used 9836K, capacity 10557K, committed 10572K, reserved 1048576K
}
Event: 39.793 GC heap before
{Heap before GC invocations=37 (full 0):
 garbage-first heap   total 157696K, used 137257K [0x0000000080000000, 0x0000000100000000)
  region size 1024K, 7 young (7168K), 1 survivors (1024K)
 Metaspace       used 77742K, capacity 79827K, committed 80080K, reserved 1118208K
  class space    used 9845K, capacity 10558K, committed 10572K, reserved 1048576K
}
Event: 39.798 GC heap after
{Heap after GC invocations=38 (full 0):
 garbage-first heap   total 157696K, used 132549K [0x0000000080000000, 0x0000000100000000)
  region size 1024K, 1 young (1024K), 1 survivors (1024K)
 Metaspace       used 77742K, capacity 79827K, committed 80080K, reserved 1118208K
  class space    used 9845K, capacity 10558K, committed 10572K, reserved 1048576K
}
Event: 39.879 GC heap before
{Heap before GC invocations=38 (full 0):
 garbage-first heap   total 157696K, used 138693K [0x0000000080000000, 0x0000000100000000)
  region size 1024K, 7 young (7168K), 1 survivors (1024K)
 Metaspace       used 78111K, capacity 80305K, committed 80464K, reserved 1120256K
  class space    used 9897K, capacity 10632K, committed 10700K, reserved 1048576K
}
Event: 39.884 GC heap after
{Heap after GC invocations=39 (full 0):
 garbage-first heap   total 189440K, used 132760K [0x0000000080000000, 0x0000000100000000)
  region size 1024K, 1 young (1024K), 1 survivors (1024K)
 Metaspace       used 78111K, capacity 80305K, committed 80464K, reserved 1120256K
  class space    used 9897K, capacity 10632K, committed 10700K, reserved 1048576K
}
Event: 40.050 GC heap before
{Heap before GC invocations=39 (full 0):
 garbage-first heap   total 189440K, used 149144K [0x0000000080000000, 0x0000000100000000)
  region size 1024K, 17 young (17408K), 1 survivors (1024K)
 Metaspace       used 78352K, capacity 80583K, committed 80720K, reserved 1120256K
  class space    used 9931K, capacity 10662K, committed 10700K, reserved 1048576K
}
Event: 40.053 GC heap after
{Heap after GC invocations=40 (full 0):
 garbage-first heap   total 189440K, used 133053K [0x0000000080000000, 0x0000000100000000)
  region size 1024K, 1 young (1024K), 1 survivors (1024K)
 Metaspace       used 78352K, capacity 80583K, committed 80720K, reserved 1120256K
  class space    used 9931K, capacity 10662K, committed 10700K, reserved 1048576K
}
Event: 40.224 GC heap before
{Heap before GC invocations=41 (full 0):
 garbage-first heap   total 189440K, used 150461K [0x0000000080000000, 0x0000000100000000)
  region size 1024K, 18 young (18432K), 1 survivors (1024K)
 Metaspace       used 78919K, capacity 81191K, committed 81360K, reserved 1120256K
  class space    used 10000K, capacity 10758K, committed 10828K, reserved 1048576K
}
Event: 40.228 GC heap after
{Heap after GC invocations=42 (full 0):
 garbage-first heap   total 189440K, used 133205K [0x0000000080000000, 0x0000000100000000)
  region size 1024K, 2 young (2048K), 2 survivors (2048K)
 Metaspace       used 78919K, capacity 81191K, committed 81360K, reserved 1120256K
  class space    used 10000K, capacity 10758K, committed 10828K, reserved 1048576K
}
Event: 40.472 GC heap before
{Heap before GC invocations=42 (full 0):
 garbage-first heap   total 189440K, used 151637K [0x0000000080000000, 0x0000000100000000)
  region size 1024K, 20 young (20480K), 2 survivors (2048K)
 Metaspace       used 79712K, capacity 82030K, committed 82256K, reserved 1120256K
  class space    used 10113K, capacity 10904K, committed 10956K, reserved 1048576K
}
Event: 40.478 GC heap after
{Heap after GC invocations=43 (full 0):
 garbage-first heap   total 189440K, used 133808K [0x0000000080000000, 0x0000000100000000)
  region size 1024K, 2 young (2048K), 2 survivors (2048K)
 Metaspace       used 79712K, capacity 82030K, committed 82256K, reserved 1120256K
  class space    used 10113K, capacity 10904K, committed 10956K, reserved 1048576K
}
Event: 40.905 GC heap before
{Heap before GC invocations=44 (full 0):
 garbage-first heap   total 189440K, used 153264K [0x0000000080000000, 0x0000000100000000)
  region size 1024K, 21 young (21504K), 2 survivors (2048K)
 Metaspace       used 80517K, capacity 82807K, committed 82896K, reserved 1122304K
  class space    used 10231K, capacity 11035K, committed 11084K, reserved 1048576K
}
Event: 40.921 GC heap after
{Heap after GC invocations=45 (full 0):
 garbage-first heap   total 189440K, used 134136K [0x0000000080000000, 0x0000000100000000)
  region size 1024K, 2 young (2048K), 2 survivors (2048K)
 Metaspace       used 80517K, capacity 82807K, committed 82896K, reserved 1122304K
  class space    used 10231K, capacity 11035K, committed 11084K, reserved 1048576K
}
Event: 41.095 GC heap before
{Heap before GC invocations=45 (full 0):
 garbage-first heap   total 189440K, used 154616K [0x0000000080000000, 0x0000000100000000)
  region size 1024K, 22 young (22528K), 2 survivors (2048K)
 Metaspace       used 81159K, capacity 83447K, committed 83792K, reserved 1122304K
  class space    used 10308K, capacity 11099K, committed 11212K, reserved 1048576K
}
Event: 41.103 GC heap after
{Heap after GC invocations=46 (full 0):
 garbage-first heap   total 189440K, used 134179K [0x0000000080000000, 0x0000000100000000)
  region size 1024K, 2 young (2048K), 2 survivors (2048K)
 Metaspace       used 81159K, capacity 83447K, committed 83792K, reserved 1122304K
  class space    used 10308K, capacity 11099K, committed 11212K, reserved 1048576K
}
Event: 41.844 GC heap before
{Heap before GC invocations=47 (full 0):
 garbage-first heap   total 189440K, used 155683K [0x0000000080000000, 0x0000000100000000)
  region size 1024K, 23 young (23552K), 2 survivors (2048K)
 Metaspace       used 84232K, capacity 86566K, committed 86864K, reserved 1124352K
  class space    used 10602K, capacity 11392K, committed 11468K, reserved 1048576K
}

