# JRE version: OpenJDK Runtime Environment (11.0.13) (build 11.0.13+0-b1751.21-8125866)
# Java VM: OpenJDK 64-Bit Server VM (11.0.13+0-b1751.21-8125866, mixed mode, tiered, compressed oops, g1 gc, windows-amd64)
Heap:
 garbage-first heap   total 131072K, used 68678K [0x0000000080000000, 0x0000000100000000)
  region size 1024K, 35 young (35840K), 3 survivors (3072K)
 Metaspace       used 27810K, capacity 28628K, committed 28796K, reserved 1075200K
  class space    used 3643K, capacity 3937K, committed 4044K, reserved 1048576K
GC Heap History (12 events):
Event: 0.687 GC heap before
{Heap before GC invocations=0 (full 0):
 garbage-first heap   total 131072K, used 20480K [0x0000000080000000, 0x0000000100000000)
  region size 1024K, 14 young (14336K), 0 survivors (0K)
 Metaspace       used 6748K, capacity 6989K, committed 7168K, reserved 1056768K
  class space    used 572K, capacity 650K, committed 768K, reserved 1048576K
}
Event: 0.693 GC heap after
{Heap after GC invocations=1 (full 0):
 garbage-first heap   total 131072K, used 8108K [0x0000000080000000, 0x0000000100000000)
  region size 1024K, 2 young (2048K), 2 survivors (2048K)
 Metaspace       used 6748K, capacity 6989K, committed 7168K, reserved 1056768K
  class space    used 572K, capacity 650K, committed 768K, reserved 1048576K
}
Event: 1.524 GC heap before
{Heap before GC invocations=1 (full 0):
 garbage-first heap   total 131072K, used 19372K [0x0000000080000000, 0x0000000100000000)
  region size 1024K, 13 young (13312K), 2 survivors (2048K)
 Metaspace       used 9813K, capacity 10022K, committed 10112K, reserved 1058816K
  class space    used 1002K, capacity 1070K, committed 1152K, reserved 1048576K
}
Event: 1.533 GC heap after
{Heap after GC invocations=2 (full 0):
 garbage-first heap   total 131072K, used 9849K [0x0000000080000000, 0x0000000100000000)
  region size 1024K, 2 young (2048K), 2 survivors (2048K)
 Metaspace       used 9813K, capacity 10022K, committed 10112K, reserved 1058816K
  class space    used 1002K, capacity 1070K, committed 1152K, reserved 1048576K
}
Event: 2.466 GC heap before
{Heap before GC invocations=2 (full 0):
 garbage-first heap   total 131072K, used 38521K [0x0000000080000000, 0x0000000100000000)
  region size 1024K, 30 young (30720K), 2 survivors (2048K)
 Metaspace       used 10742K, capacity 10943K, committed 11264K, reserved 1058816K
  class space    used 1102K, capacity 1206K, committed 1280K, reserved 1048576K
}
Event: 2.471 GC heap after
{Heap after GC invocations=3 (full 0):
 garbage-first heap   total 131072K, used 11950K [0x0000000080000000, 0x0000000100000000)
  region size 1024K, 3 young (3072K), 3 survivors (3072K)
 Metaspace       used 10742K, capacity 10943K, committed 11264K, reserved 1058816K
  class space    used 1102K, capacity 1206K, committed 1280K, reserved 1048576K
}
Event: 5.703 GC heap before
{Heap before GC invocations=3 (full 0):
 garbage-first heap   total 131072K, used 53934K [0x0000000080000000, 0x0000000100000000)
  region size 1024K, 45 young (46080K), 3 survivors (3072K)
 Metaspace       used 17647K, capacity 18089K, committed 18432K, reserved 1064960K
  class space    used 2038K, capacity 2183K, committed 2304K, reserved 1048576K
}
Event: 5.713 GC heap after
{Heap after GC invocations=4 (full 0):
 garbage-first heap   total 131072K, used 16517K [0x0000000080000000, 0x0000000100000000)
  region size 1024K, 6 young (6144K), 6 survivors (6144K)
 Metaspace       used 17647K, capacity 18089K, committed 18432K, reserved 1064960K
  class space    used 2038K, capacity 2183K, committed 2304K, reserved 1048576K
}
Event: 6.191 GC heap before
{Heap before GC invocations=4 (full 0):
 garbage-first heap   total 131072K, used 42117K [0x0000000080000000, 0x0000000100000000)
  region size 1024K, 32 young (32768K), 6 survivors (6144K)
 Metaspace       used 20690K, capacity 21207K, committed 21296K, reserved 1069056K
  class space    used 2492K, capacity 2675K, committed 2688K, reserved 1048576K
}
Event: 6.202 GC heap after
{Heap after GC invocations=5 (full 0):
 garbage-first heap   total 131072K, used 17408K [0x0000000080000000, 0x0000000100000000)
  region size 1024K, 5 young (5120K), 5 survivors (5120K)
 Metaspace       used 20690K, capacity 21207K, committed 21296K, reserved 1069056K
  class space    used 2492K, capacity 2675K, committed 2688K, reserved 1048576K
}
Event: 7.946 GC heap before
{Heap before GC invocations=6 (full 0):
 garbage-first heap   total 131072K, used 68608K [0x0000000080000000, 0x0000000100000000)
  region size 1024K, 55 young (56320K), 5 survivors (5120K)
 Metaspace       used 25884K, capacity 26507K, committed 26620K, reserved 1073152K
  class space    used 3342K, capacity 3574K, committed 3660K, reserved 1048576K
}
Event: 7.958 GC heap after
{Heap after GC invocations=7 (full 0):
 garbage-first heap   total 131072K, used 19526K [0x0000000080000000, 0x0000000100000000)
  region size 1024K, 3 young (3072K), 3 survivors (3072K)
 Metaspace       used 25884K, capacity 26507K, committed 26620K, reserved 1073152K
  class space    used 3342K, capacity 3574K, committed 3660K, reserved 1048576K
}

